<?xml version="1.0" encoding="UTF-8"?>
<testng-results skipped="0" failed="0" ignored="0" total="1" passed="1">
  <reporter-output>
  </reporter-output>
  <suite name="Bank Guru" duration-ms="10261" started-at="2021-12-08T06:39:57Z" finished-at="2021-12-08T06:40:07Z">
    <groups>
    </groups>
    <test name="Run on CHROME" duration-ms="10261" started-at="2021-12-08T06:39:57Z" finished-at="2021-12-08T06:40:07Z">
      <class name="com.bankguru.payment.Level_21_Multiple_Environment">
        <test-method status="PASS" signature="deleteAllFilesInAllureJSON()[pri:0, instance:com.bankguru.payment.Level_21_Multiple_Environment@41394595]" name="deleteAllFilesInAllureJSON" is-config="true" duration-ms="61" started-at="2021-12-08T06:39:57Z" finished-at="2021-12-08T06:39:57Z">
          <reporter-output>
          </reporter-output>
        </test-method> <!-- deleteAllFilesInAllureJSON -->
        <test-method status="PASS" signature="deleteAllFilesInReportNGScreenshot()[pri:0, instance:com.bankguru.payment.Level_21_Multiple_Environment@41394595]" name="deleteAllFilesInReportNGScreenshot" is-config="true" duration-ms="1" started-at="2021-12-08T06:39:57Z" finished-at="2021-12-08T06:39:57Z">
          <reporter-output>
          </reporter-output>
        </test-method> <!-- deleteAllFilesInReportNGScreenshot -->
        <test-method status="PASS" signature="beforeClass(java.lang.String, java.lang.String)[pri:0, instance:com.bankguru.payment.Level_21_Multiple_Environment@41394595]" name="beforeClass" is-config="true" duration-ms="9789" started-at="2021-12-08T06:39:57Z" finished-at="2021-12-08T06:40:07Z">
          <params>
            <param index="0">
              <value>
                <![CDATA[chrome]]>
              </value>
            </param>
            <param index="1">
              <value>
                <![CDATA[https://demo.guru99.com/v2]]>
              </value>
            </param>
          </params>
          <reporter-output>
          </reporter-output>
        </test-method> <!-- beforeClass -->
        <test-method status="PASS" signature="Employee_01_Add_New_Employee()[pri:0, instance:com.bankguru.payment.Level_21_Multiple_Environment@41394595]" name="Employee_01_Add_New_Employee" duration-ms="86" started-at="2021-12-08T06:40:07Z" finished-at="2021-12-08T06:40:07Z">
          <reporter-output>
          </reporter-output>
        </test-method> <!-- Employee_01_Add_New_Employee -->
        <test-method status="PASS" signature="cleanBrowser(java.lang.String)[pri:0, instance:com.bankguru.payment.Level_21_Multiple_Environment@41394595]" name="cleanBrowser" is-config="true" duration-ms="2" started-at="2021-12-08T06:40:07Z" finished-at="2021-12-08T06:40:07Z">
          <params>
            <param index="0">
              <value>
                <![CDATA[chrome]]>
              </value>
            </param>
          </params>
          <reporter-output>
          </reporter-output>
        </test-method> <!-- cleanBrowser -->
        <test-method status="PASS" signature="cleanExecutableDriver()[pri:0, instance:com.bankguru.payment.Level_21_Multiple_Environment@41394595]" name="cleanExecutableDriver" is-config="true" duration-ms="5801" started-at="2021-12-08T06:40:07Z" finished-at="2021-12-08T06:40:13Z">
          <reporter-output>
          </reporter-output>
        </test-method> <!-- cleanExecutableDriver -->
      </class> <!-- com.bankguru.payment.Level_21_Multiple_Environment -->
    </test> <!-- Run on CHROME -->
  </suite> <!-- Bank Guru -->
</testng-results>
